Using pre-set license
Built from '2020.3/release' branch; Version is '2020.3.2f1 (8fd9074bf66c) revision 9427207'; Using compiler version '192528614'; Build Type 'Release'
OS: 'Windows 10 Pro; OS build 19042.985; Version 2009; 64bit' Language: 'en' Physical Memory: 8070 MB
BatchMode: 1, IsHumanControllingUs: 0, StartBugReporterOnCrash: 0, Is64bit: 1, IsPro: 0

 COMMAND LINE ARGUMENTS:
C:\Program Files\Unity\Hub\Editor\2020.3.2f1\Editor\Unity.exe
-adb2
-batchMode
-noUpm
-name
AssetImportWorker0
-projectPath
D:/Unity/Repos/Unity2D/intro_setup/Running_2D
-logFile
Logs/AssetImportWorker0.log
-srvPort
5773
Successfully changed project path to: D:/Unity/Repos/Unity2D/intro_setup/Running_2D
D:/Unity/Repos/Unity2D/intro_setup/Running_2D
Using Asset Import Pipeline V2.
Refreshing native plugins compatible for Editor in 126.50 ms, found 1 plugins.
Preloading 0 native plugins for Editor in 0.00 ms.
Initialize engine version: 2020.3.2f1 (8fd9074bf66c)
[Subsystems] Discovering subsystems at path C:/Program Files/Unity/Hub/Editor/2020.3.2f1/Editor/Data/Resources/UnitySubsystems
[Subsystems] Discovering subsystems at path D:/Unity/Repos/Unity2D/intro_setup/Running_2D/Assets
GfxDevice: creating device client; threaded=0
Direct3D:
    Version:  Direct3D 11.0 [level 11.1]
    Renderer: NVIDIA GeForce GTX 1050 (ID=0x1c8d)
    Vendor:   
    VRAM:     4021 MB
    Driver:   27.21.14.5167
Initialize mono
Mono path[0] = 'C:/Program Files/Unity/Hub/Editor/2020.3.2f1/Editor/Data/Managed'
Mono path[1] = 'C:/Program Files/Unity/Hub/Editor/2020.3.2f1/Editor/Data/MonoBleedingEdge/lib/mono/unityjit'
Mono config path = 'C:/Program Files/Unity/Hub/Editor/2020.3.2f1/Editor/Data/MonoBleedingEdge/etc'
Using monoOptions --debugger-agent=transport=dt_socket,embedding=1,server=y,suspend=n,address=127.0.0.1:56700
Begin MonoManager ReloadAssembly
Registering precompiled unity dll's ...
Register platform support module: C:/Program Files/Unity/Hub/Editor/2020.3.2f1/Editor/Data/PlaybackEngines/WindowsStandaloneSupport/UnityEditor.WindowsStandalone.Extensions.dll
Registered in 0.005417 seconds.
Native extension for WindowsStandalone target not found
Refreshing native plugins compatible for Editor in 68.01 ms, found 1 plugins.
Preloading 0 native plugins for Editor in 0.00 ms.
Invoked RoslynAnalysisRunner static constructor.
RoslynAnalysisRunner will not be running.
RoslynAnalysisRunner has terminated.
Mono: successfully reloaded assembly
- Completed reload, in  3.511 seconds
Platform modules already initialized, skipping
Registering precompiled user dll's ...
Registered in 0.001327 seconds.
Begin MonoManager ReloadAssembly
Native extension for WindowsStandalone target not found
Refreshing native plugins compatible for Editor in 56.50 ms, found 1 plugins.
Preloading 0 native plugins for Editor in 0.00 ms.
Invoked RoslynAnalysisRunner static constructor.
RoslynAnalysisRunner will not be running.
RoslynAnalysisRunner has terminated.
Mono: successfully reloaded assembly
- Completed reload, in  1.712 seconds
Platform modules already initialized, skipping
========================================================================
Worker process is ready to serve import requests
Launched and connected shader compiler UnityShaderCompiler.exe after 0.12 seconds
Refreshing native plugins compatible for Editor in 1.06 ms, found 1 plugins.
Preloading 0 native plugins for Editor in 0.00 ms.
Unloading 1871 Unused Serialized files (Serialized files now loaded: 0)
System memory in use before: 91.3 MB.
System memory in use after: 91.2 MB.

Unloading 24 unused Assets to reduce memory usage. Loaded Objects now: 2316.
Total: 6.778600 ms (FindLiveObjects: 0.664100 ms CreateObjectMapping: 0.181600 ms MarkObjects: 5.386100 ms  DeleteObjects: 0.542800 ms)

========================================================================
Received Import Request.
  path: Assets/Scenes/2d Endless Runner.unity
  artifactKey: Guid(817ce0116e19244498634fbbe7578e84) Importer(815301076,1909f56bfc062723c751e8b465ee728b)
Start importing Assets/Scenes/2d Endless Runner.unity using Guid(817ce0116e19244498634fbbe7578e84) Importer(815301076,1909f56bfc062723c751e8b465ee728b)  -> (artifact id: '93e3f3c98f6924a96d253033f0961a0c') in 0.071686 seconds
  Import took 0.151871 seconds .

========================================================================
Received Import Request.
  Time since last request: 168.475621 seconds.
  path: Assets/Scripts/CameraControl.cs
  artifactKey: Guid(3997881c0e15e1d43b2fe43555bb4a99) Importer(815301076,1909f56bfc062723c751e8b465ee728b)
Start importing Assets/Scripts/CameraControl.cs using Guid(3997881c0e15e1d43b2fe43555bb4a99) Importer(815301076,1909f56bfc062723c751e8b465ee728b)  -> (artifact id: 'e6bdc8665b99a6f430d5f779d7c41b99') in 0.075726 seconds
  Import took 0.115717 seconds .

========================================================================
Received Prepare
Refreshing native plugins compatible for Editor in 588.66 ms, found 1 plugins.
Preloading 0 native plugins for Editor in 0.00 ms.
Unloading 10 Unused Serialized files (Serialized files now loaded: 0)
System memory in use before: 53.3 MB.
System memory in use after: 53.3 MB.

Unloading 10 unused Assets to reduce memory usage. Loaded Objects now: 2316.
Total: 3.576300 ms (FindLiveObjects: 0.289500 ms CreateObjectMapping: 0.108800 ms MarkObjects: 2.972800 ms  DeleteObjects: 0.203400 ms)

AssetImportWorkerClient::OnTransportError - code=2 error=End of file
